<!doctype html>
<html lang="">
<head>
    <meta charset="UTF-8">
    <meta name="viewport"
          content="width=device-width, user-scalable=no, initial-scale=1.0, maximum-scale=1.0, minimum-scale=1.0">
    <meta http-equiv="X-UA-Compatible" content="ie=edge">
    <title>Test Results Report - Test2.1.4</title>

    <link href="reportng.css" rel="stylesheet" type="text/css"/>
</head>
<body>
<div id="meta">
Generated by <a href="http://www.testng.org" target="_blank">TestNG</a> with <a href="https://github.com/testng-team/reportng" target="_blank">ReportNG</a>
at 17:01 IST on Saturday 16 April 2022
    <br/><span
    id="systemInfo">naveena.us@L-0301&nbsp;/&nbsp;Java 11.0.10 (Oracle Corporation)&nbsp;/&nbsp;Windows 10 10.0 (amd64)</span>
</div>
<h1>Test2.1.4</h1>

<p>
    <a href="index.html">Suites</a>
        &#183; <a href="output.html">Log Output</a>
</p>

<p>Test duration
    : 1064.976s</p>


    <table class="resultsTable">
        <tr>
            <th colspan="3" class="header failed">Failed Tests</th>
        </tr>
            <tr>
                <td class="group" colspan="3">com.avin.automation.DowngradeFromTo</td>
            </tr>
    <tr>
        <td class="method">
                testDowngradeFromTo
        </td>
        <td class="duration">
            198.830s
        </td>
        <td class="result">
            <!-- Display the dependencies for skipped test methods -->

                <i>Method arguments: </i>
                <span class="arguments">
                    "2.1.4", "Camera12"
                </span>
                <br/>

            <!-- Show logger output for the test -->
                <div class="testOutput">
                            Navigated to device tab<br/>
                            The Camera name is same : true<br/>
                            Emulation mode is not enabled: true<br/>
                            Timezone is same : true<br/>
                            NTP mode is selected: true <br/>
                            DHCP mode is disabled : true <br/>
                            static ipaddress is selected : 192.168.4.85<br/>
                            HTTPS port is same : true<br/>
                            RTSP port is same : true<br/>
                            frequency 50hz is selected: true <br/>
                            HRD is Off: true <br/>
                            FrameRate is selected: true <br/>
                            imageprefrence- motion is selected : true<br/>
                            exposure is same : true<br/>
                            brightness is same : true<br/>
                            contrast is same : true<br/>
                            sharpness is same : true<br/>
                            saturation is same : true<br/>
                            WideDynamicRange is enabled: true<br/>
                            wdr is same : true<br/>
                            Cameramount Table is selected : true<br/>
                            Invert mode is selected: true <br/>
                            Night Mode is selected : true<br/>
                            Colour Sapce Mode is selected : true<br/>
                            Navigated to video/audio tab<br/>
                            Multimode is selected : true<br/>
                            MP1 Video Compression is same : true<br/>
                            MP1 Bit Rate Control is same : true<br/>
                            MP1 Bit Rate is same : true<br/>
                            MP1 Video Multicast is selected :true<br/>
                            MP2 Panoramic+ (180 View) is not selected : false<br/>
                            MP2 videoSize is not same: false<br/>
                            MP2 govLength is not same: false<br/>
                            MP2 Always On&nbsp; is selected :false<br/>
                            MP3 Corridor+ (Split Ceiling Corridor View) is not selected : false<br/>
                            MP4 VCam is selected : false<br/>
                            MP4 Video Compression is not same : false<br/>
                            MP4 Fps is not same : false<br/>
                            MP4 Quality is not same : false<br/>
                            MP4 Bit Rate is not same : false<br/>
                </div>

                <a href="javascript:toggleElement('exception-0', 'block')"
                   title="Click to expand/collapse">
                    <b>org.openqa.selenium.TimeoutException: java.util.concurrent.TimeoutException<br/>
Build info: version: &apos;4.0.0&apos;, revision: &apos;3a21814679&apos;<br/>
System info: host: &apos;L-0301&apos;, ip: &apos;192.168.4.67&apos;, os.name: &apos;Windows 10&apos;, os.arch: &apos;amd64&apos;, os.version: &apos;10.0&apos;, java.version: &apos;11.0.10&apos;<br/>
Driver info: org.openqa.selenium.chrome.ChromeDriver<br/>
Command: [bd9dfd13368f5a0166b6ceba0f92a8ef, findElement {using=xpath, value=//td[@class=&apos;mat-cell cdk-cell text--bold cdk-column-caption mat-column-caption ng-star-inserted&apos;]}]<br/>
Capabilities {acceptInsecureCerts: false, browserName: chrome, browserVersion: 100.0.4896.88, chrome: {chromedriverVersion: 100.0.4896.60 (6a5d10861ce8..., userDataDir: C:\Users\naveena.us\AppData...}, goog:chromeOptions: {debuggerAddress: localhost:50811}, javascriptEnabled: true, networkConnectionEnabled: false, pageLoadStrategy: normal, platform: WINDOWS, platformName: WINDOWS, proxy: Proxy(), se:cdp: ws://localhost:50811/devtoo..., se:cdpVersion: 100.0.4896.88, setWindowRect: true, strictFileInteractability: false, timeouts: {implicit: 0, pageLoad: 300000, script: 30000}, unhandledPromptBehavior: dismiss and notify, webauthn:extension:credBlob: true, webauthn:extension:largeBlob: true, webauthn:virtualAuthenticators: true}<br/>
Session ID: bd9dfd13368f5a0166b6ceba0f92a8ef</b>
                </a>
                <br/>
                <div class="stackTrace" id="exception-0">
                        org.openqa.selenium.remote.http.netty.NettyHttpHandler.makeCall(NettyHttpHandler.java:72)<br/>
                        org.openqa.selenium.remote.http.AddSeleniumUserAgent.lambda$apply$0(AddSeleniumUserAgent.java:42)<br/>
                        org.openqa.selenium.remote.http.Filter.lambda$andFinally$1(Filter.java:56)<br/>
                        org.openqa.selenium.remote.http.netty.NettyHttpHandler.execute(NettyHttpHandler.java:51)<br/>
                        org.openqa.selenium.remote.http.AddSeleniumUserAgent.lambda$apply$0(AddSeleniumUserAgent.java:42)<br/>
                        org.openqa.selenium.remote.http.Filter.lambda$andFinally$1(Filter.java:56)<br/>
                        org.openqa.selenium.remote.http.netty.NettyClient.execute(NettyClient.java:119)<br/>
                        org.openqa.selenium.remote.HttpCommandExecutor.execute(HttpCommandExecutor.java:181)<br/>
                        org.openqa.selenium.remote.service.DriverCommandExecutor.invokeExecute(DriverCommandExecutor.java:164)<br/>
                        org.openqa.selenium.remote.service.DriverCommandExecutor.execute(DriverCommandExecutor.java:139)<br/>
                        org.openqa.selenium.remote.RemoteWebDriver.execute(RemoteWebDriver.java:559)<br/>
                        org.openqa.selenium.remote.ElementLocation$ElementFinder$2.findElement(ElementLocation.java:162)<br/>
                        org.openqa.selenium.remote.ElementLocation.findElement(ElementLocation.java:60)<br/>
                        org.openqa.selenium.remote.RemoteWebDriver.findElement(RemoteWebDriver.java:383)<br/>
                        org.openqa.selenium.remote.RemoteWebDriver.findElement(RemoteWebDriver.java:375)<br/>
                        DowngradeFromTo.testDowngradeFromTo(DowngradeFromTo.java:494)<br/>
                        java.base/jdk.internal.reflect.NativeMethodAccessorImpl.invoke0(Native Method)<br/>
                        java.base/jdk.internal.reflect.NativeMethodAccessorImpl.invoke(NativeMethodAccessorImpl.java:62)<br/>
                        java.base/jdk.internal.reflect.DelegatingMethodAccessorImpl.invoke(DelegatingMethodAccessorImpl.java:43)<br/>
                        java.base/java.lang.reflect.Method.invoke(Method.java:566)<br/>
                        org.testng.internal.MethodInvocationHelper.invokeMethod(MethodInvocationHelper.java:133)<br/>
                        org.testng.internal.TestInvoker.invokeMethod(TestInvoker.java:584)<br/>
                        org.testng.internal.TestInvoker.invokeTestMethod(TestInvoker.java:172)<br/>
                        org.testng.internal.MethodRunner.runInSequence(MethodRunner.java:46)<br/>
                        org.testng.internal.TestInvoker$MethodInvocationAgent.invoke(TestInvoker.java:804)<br/>
                        org.testng.internal.TestInvoker.invokeTestMethods(TestInvoker.java:145)<br/>
                        org.testng.internal.TestMethodWorker.invokeTestMethods(TestMethodWorker.java:146)<br/>
                        org.testng.internal.TestMethodWorker.run(TestMethodWorker.java:128)<br/>
                        java.base/java.util.ArrayList.forEach(ArrayList.java:1541)<br/>
                        org.testng.TestRunner.privateRun(TestRunner.java:770)<br/>
                        org.testng.TestRunner.run(TestRunner.java:591)<br/>
                        org.testng.SuiteRunner.runTest(SuiteRunner.java:402)<br/>
                        org.testng.SuiteRunner.runSequentially(SuiteRunner.java:396)<br/>
                        org.testng.SuiteRunner.privateRun(SuiteRunner.java:355)<br/>
                        org.testng.SuiteRunner.run(SuiteRunner.java:304)<br/>
                        org.testng.SuiteRunnerWorker.runSuite(SuiteRunnerWorker.java:53)<br/>
                        org.testng.SuiteRunnerWorker.run(SuiteRunnerWorker.java:96)<br/>
                        org.testng.TestNG.runSuitesSequentially(TestNG.java:1180)<br/>
                        org.testng.TestNG.runSuitesLocally(TestNG.java:1102)<br/>
                        org.testng.TestNG.runSuites(TestNG.java:1032)<br/>
                        org.testng.TestNG.run(TestNG.java:1000)<br/>
                        com.intellij.rt.testng.IDEARemoteTestNG.run(IDEARemoteTestNG.java:66)<br/>
                        com.intellij.rt.testng.RemoteTestNGStarter.main(RemoteTestNGStarter.java:109)<br/>
                        <b>Caused by: </b>
                        <a href="javascript:toggleElement('exception-1', 'block')"
                           title="Click to expand/collapse">
                            java.util.concurrent.TimeoutException
                        </a>
                        <br/>
                        <div class="stackTrace" id="exception-1">
                                java.base/java.util.concurrent.CompletableFuture.timedGet(CompletableFuture.java:1886)<br/>
                                java.base/java.util.concurrent.CompletableFuture.get(CompletableFuture.java:2021)<br/>
                                org.asynchttpclient.netty.NettyResponseFuture.get(NettyResponseFuture.java:206)<br/>
                                org.openqa.selenium.remote.http.netty.NettyHttpHandler.makeCall(NettyHttpHandler.java:66)<br/>
                                org.openqa.selenium.remote.http.AddSeleniumUserAgent.lambda$apply$0(AddSeleniumUserAgent.java:42)<br/>
                                org.openqa.selenium.remote.http.Filter.lambda$andFinally$1(Filter.java:56)<br/>
                                org.openqa.selenium.remote.http.netty.NettyHttpHandler.execute(NettyHttpHandler.java:51)<br/>
                                org.openqa.selenium.remote.http.AddSeleniumUserAgent.lambda$apply$0(AddSeleniumUserAgent.java:42)<br/>
                                org.openqa.selenium.remote.http.Filter.lambda$andFinally$1(Filter.java:56)<br/>
                                org.openqa.selenium.remote.http.netty.NettyClient.execute(NettyClient.java:119)<br/>
                                org.openqa.selenium.remote.HttpCommandExecutor.execute(HttpCommandExecutor.java:181)<br/>
                                org.openqa.selenium.remote.service.DriverCommandExecutor.invokeExecute(DriverCommandExecutor.java:164)<br/>
                                org.openqa.selenium.remote.service.DriverCommandExecutor.execute(DriverCommandExecutor.java:139)<br/>
                                org.openqa.selenium.remote.RemoteWebDriver.execute(RemoteWebDriver.java:559)<br/>
                                org.openqa.selenium.remote.ElementLocation$ElementFinder$2.findElement(ElementLocation.java:162)<br/>
                                org.openqa.selenium.remote.ElementLocation.findElement(ElementLocation.java:60)<br/>
                                org.openqa.selenium.remote.RemoteWebDriver.findElement(RemoteWebDriver.java:383)<br/>
                                org.openqa.selenium.remote.RemoteWebDriver.findElement(RemoteWebDriver.java:375)<br/>
                                DowngradeFromTo.testDowngradeFromTo(DowngradeFromTo.java:494)<br/>
                                java.base/jdk.internal.reflect.NativeMethodAccessorImpl.invoke0(Native Method)<br/>
                                java.base/jdk.internal.reflect.NativeMethodAccessorImpl.invoke(NativeMethodAccessorImpl.java:62)<br/>
                                java.base/jdk.internal.reflect.DelegatingMethodAccessorImpl.invoke(DelegatingMethodAccessorImpl.java:43)<br/>
                                java.base/java.lang.reflect.Method.invoke(Method.java:566)<br/>
                                org.testng.internal.MethodInvocationHelper.invokeMethod(MethodInvocationHelper.java:133)<br/>
                                org.testng.internal.TestInvoker.invokeMethod(TestInvoker.java:584)<br/>
                                org.testng.internal.TestInvoker.invokeTestMethod(TestInvoker.java:172)<br/>
                                org.testng.internal.MethodRunner.runInSequence(MethodRunner.java:46)<br/>
                                org.testng.internal.TestInvoker$MethodInvocationAgent.invoke(TestInvoker.java:804)<br/>
                                org.testng.internal.TestInvoker.invokeTestMethods(TestInvoker.java:145)<br/>
                                org.testng.internal.TestMethodWorker.invokeTestMethods(TestMethodWorker.java:146)<br/>
                                org.testng.internal.TestMethodWorker.run(TestMethodWorker.java:128)<br/>
                                java.base/java.util.ArrayList.forEach(ArrayList.java:1541)<br/>
                                org.testng.TestRunner.privateRun(TestRunner.java:770)<br/>
                                org.testng.TestRunner.run(TestRunner.java:591)<br/>
                                org.testng.SuiteRunner.runTest(SuiteRunner.java:402)<br/>
                                org.testng.SuiteRunner.runSequentially(SuiteRunner.java:396)<br/>
                                org.testng.SuiteRunner.privateRun(SuiteRunner.java:355)<br/>
                                org.testng.SuiteRunner.run(SuiteRunner.java:304)<br/>
                                org.testng.SuiteRunnerWorker.runSuite(SuiteRunnerWorker.java:53)<br/>
                                org.testng.SuiteRunnerWorker.run(SuiteRunnerWorker.java:96)<br/>
                                org.testng.TestNG.runSuitesSequentially(TestNG.java:1180)<br/>
                                org.testng.TestNG.runSuitesLocally(TestNG.java:1102)<br/>
                                org.testng.TestNG.runSuites(TestNG.java:1032)<br/>
                                org.testng.TestNG.run(TestNG.java:1000)<br/>
                                com.intellij.rt.testng.IDEARemoteTestNG.run(IDEARemoteTestNG.java:66)<br/>
                                com.intellij.rt.testng.RemoteTestNGStarter.main(RemoteTestNGStarter.java:109)<br/>
                        </div>
                </div>
        </td>
    </tr>
            <tr>
                <td class="group" colspan="3">com.avin.automation.UpgradeToFrom</td>
            </tr>
    <tr>
        <td class="method">
                testUpgradeToFrom
        </td>
        <td class="duration">
            216.456s
        </td>
        <td class="result">
            <!-- Display the dependencies for skipped test methods -->

                <i>Method arguments: </i>
                <span class="arguments">
                    "2.1.4", "Camera12", "2.1.5"
                </span>
                <br/>

            <!-- Show logger output for the test -->
                <div class="testOutput">
                            Navigated to device tab<br/>
                            Camera name is changed<br/>
                            Emulation mode is enabled<br/>
                            date/time is changed<br/>
                            Changed Date and time - NTP<br/>
                            Selected DHCP<br/>
                            Added new static ip address<br/>
                            Navigated to video/audio tab<br/>
                            Navigated to ImageSettings tab<br/>
                            Selected 50Hz <br/>
                            HDR is off<br/>
                            Selected Motion<br/>
                            Selected Exposure Setting<br/>
                            Selected brightness- 50<br/>
                            Selected contrast- 9<br/>
                            Selected Sharpness- 10<br/>
                            Selected saturation- 8<br/>
                            Enable Wide Dynamic Range<br/>
                            WdrValue- 50<br/>
                            Camera mount position is set to Table<br/>
                            Rotate camera setting set to Invert<br/>
                            IR Cut Filter setting set to Night Mode<br/>
                            colour space setting set to BT709 FS<br/>
                            Save and Reboot is not required for this firmware<br/>
                            Navigated to video/audio tab<br/>
                            Selected Multimode<br/>
                            Editing MP1 Settings <br/>
                            Selected Video Compression - H265 <br/>
                            Selected Constant Bit Rate<br/>
                            Added 25000 Bit Rate<br/>
                            Selected Video Multicast<br/>
                            Editing MP2 Settings <br/>
                            Selected Pano mode<br/>
                            Selected 1920 x 768 resolution <br/>
                </div>

                <a href="javascript:toggleElement('exception-2', 'block')"
                   title="Click to expand/collapse">
                    <b>org.openqa.selenium.TimeoutException: java.util.concurrent.TimeoutException<br/>
Build info: version: &apos;4.0.0&apos;, revision: &apos;3a21814679&apos;<br/>
System info: host: &apos;L-0301&apos;, ip: &apos;192.168.4.67&apos;, os.name: &apos;Windows 10&apos;, os.arch: &apos;amd64&apos;, os.version: &apos;10.0&apos;, java.version: &apos;11.0.10&apos;<br/>
Driver info: org.openqa.selenium.chrome.ChromeDriver<br/>
Command: [b5020e6b353cef315185f21e69a84543, findElement {using=xpath, value=//span[text()=&apos;30&apos;]}]<br/>
Capabilities {acceptInsecureCerts: false, browserName: chrome, browserVersion: 100.0.4896.88, chrome: {chromedriverVersion: 100.0.4896.60 (6a5d10861ce8..., userDataDir: C:\Users\naveena.us\AppData...}, goog:chromeOptions: {debuggerAddress: localhost:50684}, javascriptEnabled: true, networkConnectionEnabled: false, pageLoadStrategy: normal, platform: WINDOWS, platformName: WINDOWS, proxy: Proxy(), se:cdp: ws://localhost:50684/devtoo..., se:cdpVersion: 100.0.4896.88, setWindowRect: true, strictFileInteractability: false, timeouts: {implicit: 0, pageLoad: 300000, script: 30000}, unhandledPromptBehavior: dismiss and notify, webauthn:extension:credBlob: true, webauthn:extension:largeBlob: true, webauthn:virtualAuthenticators: true}<br/>
Session ID: b5020e6b353cef315185f21e69a84543</b>
                </a>
                <br/>
                <div class="stackTrace" id="exception-2">
                        org.openqa.selenium.remote.http.netty.NettyHttpHandler.makeCall(NettyHttpHandler.java:72)<br/>
                        org.openqa.selenium.remote.http.AddSeleniumUserAgent.lambda$apply$0(AddSeleniumUserAgent.java:42)<br/>
                        org.openqa.selenium.remote.http.Filter.lambda$andFinally$1(Filter.java:56)<br/>
                        org.openqa.selenium.remote.http.netty.NettyHttpHandler.execute(NettyHttpHandler.java:51)<br/>
                        org.openqa.selenium.remote.http.AddSeleniumUserAgent.lambda$apply$0(AddSeleniumUserAgent.java:42)<br/>
                        org.openqa.selenium.remote.http.Filter.lambda$andFinally$1(Filter.java:56)<br/>
                        org.openqa.selenium.remote.http.netty.NettyClient.execute(NettyClient.java:119)<br/>
                        org.openqa.selenium.remote.HttpCommandExecutor.execute(HttpCommandExecutor.java:181)<br/>
                        org.openqa.selenium.remote.service.DriverCommandExecutor.invokeExecute(DriverCommandExecutor.java:164)<br/>
                        org.openqa.selenium.remote.service.DriverCommandExecutor.execute(DriverCommandExecutor.java:139)<br/>
                        org.openqa.selenium.remote.RemoteWebDriver.execute(RemoteWebDriver.java:559)<br/>
                        org.openqa.selenium.remote.ElementLocation$ElementFinder$2.findElement(ElementLocation.java:162)<br/>
                        org.openqa.selenium.remote.ElementLocation.findElement(ElementLocation.java:60)<br/>
                        org.openqa.selenium.remote.RemoteWebDriver.findElement(RemoteWebDriver.java:383)<br/>
                        org.openqa.selenium.remote.RemoteWebDriver.findElement(RemoteWebDriver.java:375)<br/>
                        UpgradeToFrom.testUpgradeToFrom(UpgradeToFrom.java:262)<br/>
                        java.base/jdk.internal.reflect.NativeMethodAccessorImpl.invoke0(Native Method)<br/>
                        java.base/jdk.internal.reflect.NativeMethodAccessorImpl.invoke(NativeMethodAccessorImpl.java:62)<br/>
                        java.base/jdk.internal.reflect.DelegatingMethodAccessorImpl.invoke(DelegatingMethodAccessorImpl.java:43)<br/>
                        java.base/java.lang.reflect.Method.invoke(Method.java:566)<br/>
                        org.testng.internal.MethodInvocationHelper.invokeMethod(MethodInvocationHelper.java:133)<br/>
                        org.testng.internal.TestInvoker.invokeMethod(TestInvoker.java:584)<br/>
                        org.testng.internal.TestInvoker.invokeTestMethod(TestInvoker.java:172)<br/>
                        org.testng.internal.MethodRunner.runInSequence(MethodRunner.java:46)<br/>
                        org.testng.internal.TestInvoker$MethodInvocationAgent.invoke(TestInvoker.java:804)<br/>
                        org.testng.internal.TestInvoker.invokeTestMethods(TestInvoker.java:145)<br/>
                        org.testng.internal.TestMethodWorker.invokeTestMethods(TestMethodWorker.java:146)<br/>
                        org.testng.internal.TestMethodWorker.run(TestMethodWorker.java:128)<br/>
                        java.base/java.util.ArrayList.forEach(ArrayList.java:1541)<br/>
                        org.testng.TestRunner.privateRun(TestRunner.java:770)<br/>
                        org.testng.TestRunner.run(TestRunner.java:591)<br/>
                        org.testng.SuiteRunner.runTest(SuiteRunner.java:402)<br/>
                        org.testng.SuiteRunner.runSequentially(SuiteRunner.java:396)<br/>
                        org.testng.SuiteRunner.privateRun(SuiteRunner.java:355)<br/>
                        org.testng.SuiteRunner.run(SuiteRunner.java:304)<br/>
                        org.testng.SuiteRunnerWorker.runSuite(SuiteRunnerWorker.java:53)<br/>
                        org.testng.SuiteRunnerWorker.run(SuiteRunnerWorker.java:96)<br/>
                        org.testng.TestNG.runSuitesSequentially(TestNG.java:1180)<br/>
                        org.testng.TestNG.runSuitesLocally(TestNG.java:1102)<br/>
                        org.testng.TestNG.runSuites(TestNG.java:1032)<br/>
                        org.testng.TestNG.run(TestNG.java:1000)<br/>
                        com.intellij.rt.testng.IDEARemoteTestNG.run(IDEARemoteTestNG.java:66)<br/>
                        com.intellij.rt.testng.RemoteTestNGStarter.main(RemoteTestNGStarter.java:109)<br/>
                        <b>Caused by: </b>
                        <a href="javascript:toggleElement('exception-3', 'block')"
                           title="Click to expand/collapse">
                            java.util.concurrent.TimeoutException
                        </a>
                        <br/>
                        <div class="stackTrace" id="exception-3">
                                java.base/java.util.concurrent.CompletableFuture.timedGet(CompletableFuture.java:1886)<br/>
                                java.base/java.util.concurrent.CompletableFuture.get(CompletableFuture.java:2021)<br/>
                                org.asynchttpclient.netty.NettyResponseFuture.get(NettyResponseFuture.java:206)<br/>
                                org.openqa.selenium.remote.http.netty.NettyHttpHandler.makeCall(NettyHttpHandler.java:66)<br/>
                                org.openqa.selenium.remote.http.AddSeleniumUserAgent.lambda$apply$0(AddSeleniumUserAgent.java:42)<br/>
                                org.openqa.selenium.remote.http.Filter.lambda$andFinally$1(Filter.java:56)<br/>
                                org.openqa.selenium.remote.http.netty.NettyHttpHandler.execute(NettyHttpHandler.java:51)<br/>
                                org.openqa.selenium.remote.http.AddSeleniumUserAgent.lambda$apply$0(AddSeleniumUserAgent.java:42)<br/>
                                org.openqa.selenium.remote.http.Filter.lambda$andFinally$1(Filter.java:56)<br/>
                                org.openqa.selenium.remote.http.netty.NettyClient.execute(NettyClient.java:119)<br/>
                                org.openqa.selenium.remote.HttpCommandExecutor.execute(HttpCommandExecutor.java:181)<br/>
                                org.openqa.selenium.remote.service.DriverCommandExecutor.invokeExecute(DriverCommandExecutor.java:164)<br/>
                                org.openqa.selenium.remote.service.DriverCommandExecutor.execute(DriverCommandExecutor.java:139)<br/>
                                org.openqa.selenium.remote.RemoteWebDriver.execute(RemoteWebDriver.java:559)<br/>
                                org.openqa.selenium.remote.ElementLocation$ElementFinder$2.findElement(ElementLocation.java:162)<br/>
                                org.openqa.selenium.remote.ElementLocation.findElement(ElementLocation.java:60)<br/>
                                org.openqa.selenium.remote.RemoteWebDriver.findElement(RemoteWebDriver.java:383)<br/>
                                org.openqa.selenium.remote.RemoteWebDriver.findElement(RemoteWebDriver.java:375)<br/>
                                UpgradeToFrom.testUpgradeToFrom(UpgradeToFrom.java:262)<br/>
                                java.base/jdk.internal.reflect.NativeMethodAccessorImpl.invoke0(Native Method)<br/>
                                java.base/jdk.internal.reflect.NativeMethodAccessorImpl.invoke(NativeMethodAccessorImpl.java:62)<br/>
                                java.base/jdk.internal.reflect.DelegatingMethodAccessorImpl.invoke(DelegatingMethodAccessorImpl.java:43)<br/>
                                java.base/java.lang.reflect.Method.invoke(Method.java:566)<br/>
                                org.testng.internal.MethodInvocationHelper.invokeMethod(MethodInvocationHelper.java:133)<br/>
                                org.testng.internal.TestInvoker.invokeMethod(TestInvoker.java:584)<br/>
                                org.testng.internal.TestInvoker.invokeTestMethod(TestInvoker.java:172)<br/>
                                org.testng.internal.MethodRunner.runInSequence(MethodRunner.java:46)<br/>
                                org.testng.internal.TestInvoker$MethodInvocationAgent.invoke(TestInvoker.java:804)<br/>
                                org.testng.internal.TestInvoker.invokeTestMethods(TestInvoker.java:145)<br/>
                                org.testng.internal.TestMethodWorker.invokeTestMethods(TestMethodWorker.java:146)<br/>
                                org.testng.internal.TestMethodWorker.run(TestMethodWorker.java:128)<br/>
                                java.base/java.util.ArrayList.forEach(ArrayList.java:1541)<br/>
                                org.testng.TestRunner.privateRun(TestRunner.java:770)<br/>
                                org.testng.TestRunner.run(TestRunner.java:591)<br/>
                                org.testng.SuiteRunner.runTest(SuiteRunner.java:402)<br/>
                                org.testng.SuiteRunner.runSequentially(SuiteRunner.java:396)<br/>
                                org.testng.SuiteRunner.privateRun(SuiteRunner.java:355)<br/>
                                org.testng.SuiteRunner.run(SuiteRunner.java:304)<br/>
                                org.testng.SuiteRunnerWorker.runSuite(SuiteRunnerWorker.java:53)<br/>
                                org.testng.SuiteRunnerWorker.run(SuiteRunnerWorker.java:96)<br/>
                                org.testng.TestNG.runSuitesSequentially(TestNG.java:1180)<br/>
                                org.testng.TestNG.runSuitesLocally(TestNG.java:1102)<br/>
                                org.testng.TestNG.runSuites(TestNG.java:1032)<br/>
                                org.testng.TestNG.run(TestNG.java:1000)<br/>
                                com.intellij.rt.testng.IDEARemoteTestNG.run(IDEARemoteTestNG.java:66)<br/>
                                com.intellij.rt.testng.RemoteTestNGStarter.main(RemoteTestNGStarter.java:109)<br/>
                        </div>
                </div>
        </td>
    </tr>
    </table>


    <table class="resultsTable" width="100%">
        <tr>
            <th colspan="3" class="header passed">Passed Tests</th>
        </tr>
            <tr>
                <td class="group" colspan="3">com.avin.automation.AddCredentials</td>
            </tr>
    <tr>
        <td class="method">
                testAddCredentials
        </td>
        <td class="duration">
            6.703s
        </td>
        <td class="result">
            <!-- Display the dependencies for skipped test methods -->

                <i>Method arguments: </i>
                <span class="arguments">
                    "2.1.4", "Camera12"
                </span>
                <br/>

            <!-- Show logger output for the test -->
                <div class="testOutput">
                            Added new username<br/>
                            Added new password<br/>
                            Added new confirmpassword<br/>
                            Password is set<br/>
                            New Credentials are added<br/>
                </div>

        </td>
    </tr>
            <tr>
                <td class="group" colspan="3">com.avin.automation.ApplyReset</td>
            </tr>
    <tr>
        <td class="method">
                testApplyRest
        </td>
        <td class="duration">
            77.434s
        </td>
        <td class="result">
            <!-- Display the dependencies for skipped test methods -->

                <i>Method arguments: </i>
                <span class="arguments">
                    "2.1.4", "Camera12"
                </span>
                <br/>

            <!-- Show logger output for the test -->
                <div class="testOutput">
                            Navigated to device tab<br/>
                            Navigated to Maintenance/Support tab<br/>
                            Camera reset is completed<br/>
                </div>

        </td>
    </tr>
            <tr>
                <td class="group" colspan="3">com.avin.automation.CameraUpgrade</td>
            </tr>
    <tr>
        <td class="method">
                testCameraUpgrade
        </td>
        <td class="duration">
            565.553s
        </td>
        <td class="result">
            <!-- Display the dependencies for skipped test methods -->

                <i>Method arguments: </i>
                <span class="arguments">
                    "2.1.4", "Camera12", "1.0.2"
                </span>
                <br/>

            <!-- Show logger output for the test -->
                <div class="testOutput">
                            Navigatied to Device tab<br/>
                            Firmware Upgrade is completed<br/>
                </div>

        </td>
    </tr>
    </table>

<script type="text/javascript" src="reportng.js"></script>
</body>
