<!doctype html>
<html lang="">
<head>
    <meta charset="UTF-8">
    <meta name="viewport"
          content="width=device-width, user-scalable=no, initial-scale=1.0, maximum-scale=1.0, minimum-scale=1.0">
    <meta http-equiv="X-UA-Compatible" content="ie=edge">
    <title>Test Results Report - Test2</title>

    <link href="reportng.css" rel="stylesheet" type="text/css"/>
</head>
<body>
<div id="meta">
Generated by <a href="http://www.testng.org" target="_blank">TestNG</a> with <a href="https://github.com/testng-team/reportng" target="_blank">ReportNG</a>
at 14:49 IST on Wednesday 20 April 2022
    <br/><span
    id="systemInfo">naveena.us@L-0301&nbsp;/&nbsp;Java 1.8.0_312 (Amazon.com Inc.)&nbsp;/&nbsp;Windows 10 10.0 (amd64)</span>
</div>
<h1>Test2</h1>

<p>
    <a href="index.html">Suites</a>
        &#183; <a href="output.html">Log Output</a>
</p>

<p>Test duration
    : 0.000s</p>


    <table class="resultsTable">
        <tr>
            <th colspan="3" class="header failed">Failed Tests</th>
        </tr>
            <tr>
                <td class="group" colspan="3">com.avin.automation.AddCredentials</td>
            </tr>
    <tr>
        <td class="method">
                testAddCredentials
        </td>
        <td class="duration">
            0.000s
        </td>
        <td class="result">
            <!-- Display the dependencies for skipped test methods -->


            <!-- Show logger output for the test -->

                <a href="javascript:toggleElement('exception-0', 'block')"
                   title="Click to expand/collapse">
                    <b>org.testng.TestNGException: <br/>
Parameter &apos;firmwareVersion&apos; is required by @Test on method testAddCredentials but has not been marked @Optional or defined<br/>
in C:\Users\naveena.us\Desktop\parameter\test\testng.xml</b>
                </a>
                <br/>
                <div class="stackTrace" id="exception-0">
                        org.testng.internal.Parameters.createParams(Parameters.java:289)<br/>
                        org.testng.internal.Parameters.createParametersForMethod(Parameters.java:377)<br/>
                        org.testng.internal.Parameters.createParameters(Parameters.java:721)<br/>
                        org.testng.internal.Parameters.handleParameters(Parameters.java:895)<br/>
                        org.testng.internal.Parameters.handleParameters(Parameters.java:762)<br/>
                        org.testng.internal.ParameterHandler.handleParameters(ParameterHandler.java:60)<br/>
                        org.testng.internal.ParameterHandler.createParameters(ParameterHandler.java:39)<br/>
                        org.testng.internal.TestInvoker$MethodInvocationAgent.invoke(TestInvoker.java:771)<br/>
                        org.testng.internal.TestInvoker.invokeTestMethods(TestInvoker.java:145)<br/>
                        org.testng.internal.TestMethodWorker.invokeTestMethods(TestMethodWorker.java:146)<br/>
                        org.testng.internal.TestMethodWorker.run(TestMethodWorker.java:128)<br/>
                        java.util.ArrayList.forEach(ArrayList.java:1259)<br/>
                        org.testng.TestRunner.privateRun(TestRunner.java:770)<br/>
                        org.testng.TestRunner.run(TestRunner.java:591)<br/>
                        org.testng.SuiteRunner.runTest(SuiteRunner.java:402)<br/>
                        org.testng.SuiteRunner.runSequentially(SuiteRunner.java:396)<br/>
                        org.testng.SuiteRunner.privateRun(SuiteRunner.java:355)<br/>
                        org.testng.SuiteRunner.run(SuiteRunner.java:304)<br/>
                        org.testng.SuiteRunnerWorker.runSuite(SuiteRunnerWorker.java:53)<br/>
                        org.testng.SuiteRunnerWorker.run(SuiteRunnerWorker.java:96)<br/>
                        org.testng.TestNG.runSuitesSequentially(TestNG.java:1180)<br/>
                        org.testng.TestNG.runSuitesLocally(TestNG.java:1102)<br/>
                        org.testng.TestNG.runSuites(TestNG.java:1032)<br/>
                        org.testng.TestNG.run(TestNG.java:1000)<br/>
                        upgrade.TestRunner.main(TestRunner.java:35)<br/>
                </div>
        </td>
    </tr>
            <tr>
                <td class="group" colspan="3">com.avin.automation.ApplyReset</td>
            </tr>
    <tr>
        <td class="method">
                testApplyRest
        </td>
        <td class="duration">
            0.000s
        </td>
        <td class="result">
            <!-- Display the dependencies for skipped test methods -->


            <!-- Show logger output for the test -->

                <a href="javascript:toggleElement('exception-1', 'block')"
                   title="Click to expand/collapse">
                    <b>org.testng.TestNGException: <br/>
Parameter &apos;firmwareVersion&apos; is required by @Test on method testApplyRest but has not been marked @Optional or defined<br/>
in C:\Users\naveena.us\Desktop\parameter\test\testng.xml</b>
                </a>
                <br/>
                <div class="stackTrace" id="exception-1">
                        org.testng.internal.Parameters.createParams(Parameters.java:289)<br/>
                        org.testng.internal.Parameters.createParametersForMethod(Parameters.java:377)<br/>
                        org.testng.internal.Parameters.createParameters(Parameters.java:721)<br/>
                        org.testng.internal.Parameters.handleParameters(Parameters.java:895)<br/>
                        org.testng.internal.Parameters.handleParameters(Parameters.java:762)<br/>
                        org.testng.internal.ParameterHandler.handleParameters(ParameterHandler.java:60)<br/>
                        org.testng.internal.ParameterHandler.createParameters(ParameterHandler.java:39)<br/>
                        org.testng.internal.TestInvoker$MethodInvocationAgent.invoke(TestInvoker.java:771)<br/>
                        org.testng.internal.TestInvoker.invokeTestMethods(TestInvoker.java:145)<br/>
                        org.testng.internal.TestMethodWorker.invokeTestMethods(TestMethodWorker.java:146)<br/>
                        org.testng.internal.TestMethodWorker.run(TestMethodWorker.java:128)<br/>
                        java.util.ArrayList.forEach(ArrayList.java:1259)<br/>
                        org.testng.TestRunner.privateRun(TestRunner.java:770)<br/>
                        org.testng.TestRunner.run(TestRunner.java:591)<br/>
                        org.testng.SuiteRunner.runTest(SuiteRunner.java:402)<br/>
                        org.testng.SuiteRunner.runSequentially(SuiteRunner.java:396)<br/>
                        org.testng.SuiteRunner.privateRun(SuiteRunner.java:355)<br/>
                        org.testng.SuiteRunner.run(SuiteRunner.java:304)<br/>
                        org.testng.SuiteRunnerWorker.runSuite(SuiteRunnerWorker.java:53)<br/>
                        org.testng.SuiteRunnerWorker.run(SuiteRunnerWorker.java:96)<br/>
                        org.testng.TestNG.runSuitesSequentially(TestNG.java:1180)<br/>
                        org.testng.TestNG.runSuitesLocally(TestNG.java:1102)<br/>
                        org.testng.TestNG.runSuites(TestNG.java:1032)<br/>
                        org.testng.TestNG.run(TestNG.java:1000)<br/>
                        upgrade.TestRunner.main(TestRunner.java:35)<br/>
                </div>
        </td>
    </tr>
            <tr>
                <td class="group" colspan="3">com.avin.automation.CameraUpgrade</td>
            </tr>
    <tr>
        <td class="method">
                testCameraUpgrade
        </td>
        <td class="duration">
            0.000s
        </td>
        <td class="result">
            <!-- Display the dependencies for skipped test methods -->


            <!-- Show logger output for the test -->

                <a href="javascript:toggleElement('exception-2', 'block')"
                   title="Click to expand/collapse">
                    <b>org.testng.TestNGException: <br/>
Parameter &apos;firmwareVersion&apos; is required by @Test on method testCameraUpgrade but has not been marked @Optional or defined<br/>
in C:\Users\naveena.us\Desktop\parameter\test\testng.xml</b>
                </a>
                <br/>
                <div class="stackTrace" id="exception-2">
                        org.testng.internal.Parameters.createParams(Parameters.java:289)<br/>
                        org.testng.internal.Parameters.createParametersForMethod(Parameters.java:377)<br/>
                        org.testng.internal.Parameters.createParameters(Parameters.java:721)<br/>
                        org.testng.internal.Parameters.handleParameters(Parameters.java:895)<br/>
                        org.testng.internal.Parameters.handleParameters(Parameters.java:762)<br/>
                        org.testng.internal.ParameterHandler.handleParameters(ParameterHandler.java:60)<br/>
                        org.testng.internal.ParameterHandler.createParameters(ParameterHandler.java:39)<br/>
                        org.testng.internal.TestInvoker$MethodInvocationAgent.invoke(TestInvoker.java:771)<br/>
                        org.testng.internal.TestInvoker.invokeTestMethods(TestInvoker.java:145)<br/>
                        org.testng.internal.TestMethodWorker.invokeTestMethods(TestMethodWorker.java:146)<br/>
                        org.testng.internal.TestMethodWorker.run(TestMethodWorker.java:128)<br/>
                        java.util.ArrayList.forEach(ArrayList.java:1259)<br/>
                        org.testng.TestRunner.privateRun(TestRunner.java:770)<br/>
                        org.testng.TestRunner.run(TestRunner.java:591)<br/>
                        org.testng.SuiteRunner.runTest(SuiteRunner.java:402)<br/>
                        org.testng.SuiteRunner.runSequentially(SuiteRunner.java:396)<br/>
                        org.testng.SuiteRunner.privateRun(SuiteRunner.java:355)<br/>
                        org.testng.SuiteRunner.run(SuiteRunner.java:304)<br/>
                        org.testng.SuiteRunnerWorker.runSuite(SuiteRunnerWorker.java:53)<br/>
                        org.testng.SuiteRunnerWorker.run(SuiteRunnerWorker.java:96)<br/>
                        org.testng.TestNG.runSuitesSequentially(TestNG.java:1180)<br/>
                        org.testng.TestNG.runSuitesLocally(TestNG.java:1102)<br/>
                        org.testng.TestNG.runSuites(TestNG.java:1032)<br/>
                        org.testng.TestNG.run(TestNG.java:1000)<br/>
                        upgrade.TestRunner.main(TestRunner.java:35)<br/>
                </div>
        </td>
    </tr>
            <tr>
                <td class="group" colspan="3">com.avin.automation.DowngradeFromTo</td>
            </tr>
    <tr>
        <td class="method">
                testDowngradeFromTo
        </td>
        <td class="duration">
            0.000s
        </td>
        <td class="result">
            <!-- Display the dependencies for skipped test methods -->


            <!-- Show logger output for the test -->

                <a href="javascript:toggleElement('exception-3', 'block')"
                   title="Click to expand/collapse">
                    <b>org.testng.TestNGException: <br/>
Parameter &apos;firmwareVersion&apos; is required by @Test on method testDowngradeFromTo but has not been marked @Optional or defined<br/>
in C:\Users\naveena.us\Desktop\parameter\test\testng.xml</b>
                </a>
                <br/>
                <div class="stackTrace" id="exception-3">
                        org.testng.internal.Parameters.createParams(Parameters.java:289)<br/>
                        org.testng.internal.Parameters.createParametersForMethod(Parameters.java:377)<br/>
                        org.testng.internal.Parameters.createParameters(Parameters.java:721)<br/>
                        org.testng.internal.Parameters.handleParameters(Parameters.java:895)<br/>
                        org.testng.internal.Parameters.handleParameters(Parameters.java:762)<br/>
                        org.testng.internal.ParameterHandler.handleParameters(ParameterHandler.java:60)<br/>
                        org.testng.internal.ParameterHandler.createParameters(ParameterHandler.java:39)<br/>
                        org.testng.internal.TestInvoker$MethodInvocationAgent.invoke(TestInvoker.java:771)<br/>
                        org.testng.internal.TestInvoker.invokeTestMethods(TestInvoker.java:145)<br/>
                        org.testng.internal.TestMethodWorker.invokeTestMethods(TestMethodWorker.java:146)<br/>
                        org.testng.internal.TestMethodWorker.run(TestMethodWorker.java:128)<br/>
                        java.util.ArrayList.forEach(ArrayList.java:1259)<br/>
                        org.testng.TestRunner.privateRun(TestRunner.java:770)<br/>
                        org.testng.TestRunner.run(TestRunner.java:591)<br/>
                        org.testng.SuiteRunner.runTest(SuiteRunner.java:402)<br/>
                        org.testng.SuiteRunner.runSequentially(SuiteRunner.java:396)<br/>
                        org.testng.SuiteRunner.privateRun(SuiteRunner.java:355)<br/>
                        org.testng.SuiteRunner.run(SuiteRunner.java:304)<br/>
                        org.testng.SuiteRunnerWorker.runSuite(SuiteRunnerWorker.java:53)<br/>
                        org.testng.SuiteRunnerWorker.run(SuiteRunnerWorker.java:96)<br/>
                        org.testng.TestNG.runSuitesSequentially(TestNG.java:1180)<br/>
                        org.testng.TestNG.runSuitesLocally(TestNG.java:1102)<br/>
                        org.testng.TestNG.runSuites(TestNG.java:1032)<br/>
                        org.testng.TestNG.run(TestNG.java:1000)<br/>
                        upgrade.TestRunner.main(TestRunner.java:35)<br/>
                </div>
        </td>
    </tr>
            <tr>
                <td class="group" colspan="3">com.avin.automation.UpgradeToFrom</td>
            </tr>
    <tr>
        <td class="method">
                testUpgradeToFrom
        </td>
        <td class="duration">
            0.000s
        </td>
        <td class="result">
            <!-- Display the dependencies for skipped test methods -->


            <!-- Show logger output for the test -->

                <a href="javascript:toggleElement('exception-4', 'block')"
                   title="Click to expand/collapse">
                    <b>org.testng.TestNGException: <br/>
Parameter &apos;firmwareVersion&apos; is required by @Test on method testUpgradeToFrom but has not been marked @Optional or defined<br/>
in C:\Users\naveena.us\Desktop\parameter\test\testng.xml</b>
                </a>
                <br/>
                <div class="stackTrace" id="exception-4">
                        org.testng.internal.Parameters.createParams(Parameters.java:289)<br/>
                        org.testng.internal.Parameters.createParametersForMethod(Parameters.java:377)<br/>
                        org.testng.internal.Parameters.createParameters(Parameters.java:721)<br/>
                        org.testng.internal.Parameters.handleParameters(Parameters.java:895)<br/>
                        org.testng.internal.Parameters.handleParameters(Parameters.java:762)<br/>
                        org.testng.internal.ParameterHandler.handleParameters(ParameterHandler.java:60)<br/>
                        org.testng.internal.ParameterHandler.createParameters(ParameterHandler.java:39)<br/>
                        org.testng.internal.TestInvoker$MethodInvocationAgent.invoke(TestInvoker.java:771)<br/>
                        org.testng.internal.TestInvoker.invokeTestMethods(TestInvoker.java:145)<br/>
                        org.testng.internal.TestMethodWorker.invokeTestMethods(TestMethodWorker.java:146)<br/>
                        org.testng.internal.TestMethodWorker.run(TestMethodWorker.java:128)<br/>
                        java.util.ArrayList.forEach(ArrayList.java:1259)<br/>
                        org.testng.TestRunner.privateRun(TestRunner.java:770)<br/>
                        org.testng.TestRunner.run(TestRunner.java:591)<br/>
                        org.testng.SuiteRunner.runTest(SuiteRunner.java:402)<br/>
                        org.testng.SuiteRunner.runSequentially(SuiteRunner.java:396)<br/>
                        org.testng.SuiteRunner.privateRun(SuiteRunner.java:355)<br/>
                        org.testng.SuiteRunner.run(SuiteRunner.java:304)<br/>
                        org.testng.SuiteRunnerWorker.runSuite(SuiteRunnerWorker.java:53)<br/>
                        org.testng.SuiteRunnerWorker.run(SuiteRunnerWorker.java:96)<br/>
                        org.testng.TestNG.runSuitesSequentially(TestNG.java:1180)<br/>
                        org.testng.TestNG.runSuitesLocally(TestNG.java:1102)<br/>
                        org.testng.TestNG.runSuites(TestNG.java:1032)<br/>
                        org.testng.TestNG.run(TestNG.java:1000)<br/>
                        upgrade.TestRunner.main(TestRunner.java:35)<br/>
                </div>
        </td>
    </tr>
    </table>



<script type="text/javascript" src="reportng.js"></script>
</body>
