<!doctype html>
<html lang="">
<head>
    <meta charset="UTF-8">
    <meta name="viewport"
          content="width=device-width, user-scalable=no, initial-scale=1.0, maximum-scale=1.0, minimum-scale=1.0">
    <meta http-equiv="X-UA-Compatible" content="ie=edge">
    <title>Test Results Report - Command line test</title>

    <link href="reportng.css" rel="stylesheet" type="text/css"/>
</head>
<body>
<div id="meta">
Generated by <a href="http://www.testng.org" target="_blank">TestNG</a> with <a href="https://github.com/testng-team/reportng" target="_blank">ReportNG</a>
at 15:13 IST on Thursday 21 April 2022
    <br/><span
    id="systemInfo">naveena.us@L-0301&nbsp;/&nbsp;Java 1.8.0_312 (Amazon.com Inc.)&nbsp;/&nbsp;Windows 10 10.0 (amd64)</span>
</div>
<h1>Command line test</h1>

<p>
    <a href="index.html">Suites</a>
        &#183; <a href="output.html">Log Output</a>
</p>

<p>Test duration
    : 831.631s</p>


    <table class="resultsTable">
        <tr>
            <th colspan="3" class="header failed">Failed Tests</th>
        </tr>
            <tr>
                <td class="group" colspan="3">com.avin.automation.CameraUpgrade</td>
            </tr>
    <tr>
        <td class="method">
                testCameraUpgrade
        </td>
        <td class="duration">
            0.041s
        </td>
        <td class="result">
            <!-- Display the dependencies for skipped test methods -->


            <!-- Show logger output for the test -->

                <a href="javascript:toggleElement('exception-0', 'block')"
                   title="Click to expand/collapse">
                    <b>org.testng.internal.reflect.MethodMatcherException: <br/>
[public static void com.avin.automation.CameraUpgrade.testCameraUpgrade(java.lang.String,java.lang.String,java.lang.String,java.lang.String,java.lang.String) throws java.lang.InterruptedException,java.io.IOException] has no parameters defined but was found to be using a data provider (either explicitly specified or inherited from class level annotation).<br/>
Data provider mismatch<br/>
Method: testCameraUpgrade([Parameter{index=0, type=java.lang.String, declaredAnnotations=[]}, Parameter{index=1, type=java.lang.String, declaredAnnotations=[]}, Parameter{index=2, type=java.lang.String, declaredAnnotations=[]}, Parameter{index=3, type=java.lang.String, declaredAnnotations=[]}, Parameter{index=4, type=java.lang.String, declaredAnnotations=[]}])<br/>
Arguments: [(java.lang.String) 192.168.4.86/index.html,(java.lang.String) admin,(java.lang.String) Admin@86,(java.lang.String) C12,(java.lang.String) 2.0.6,(java.lang.String) 2.1.5]</b>
                </a>
                <br/>
                <div class="stackTrace" id="exception-0">
                        org.testng.internal.reflect.DataProviderMethodMatcher.getConformingArguments(DataProviderMethodMatcher.java:43)<br/>
                        org.testng.internal.Parameters.injectParameters(Parameters.java:925)<br/>
                        org.testng.internal.MethodRunner.runInSequence(MethodRunner.java:34)<br/>
                        org.testng.internal.TestInvoker$MethodInvocationAgent.invoke(TestInvoker.java:804)<br/>
                        org.testng.internal.TestInvoker.invokeTestMethods(TestInvoker.java:145)<br/>
                        org.testng.internal.TestMethodWorker.invokeTestMethods(TestMethodWorker.java:146)<br/>
                        org.testng.internal.TestMethodWorker.run(TestMethodWorker.java:128)<br/>
                        java.util.ArrayList.forEach(ArrayList.java:1259)<br/>
                        org.testng.TestRunner.privateRun(TestRunner.java:770)<br/>
                        org.testng.TestRunner.run(TestRunner.java:591)<br/>
                        org.testng.SuiteRunner.runTest(SuiteRunner.java:402)<br/>
                        org.testng.SuiteRunner.runSequentially(SuiteRunner.java:396)<br/>
                        org.testng.SuiteRunner.privateRun(SuiteRunner.java:355)<br/>
                        org.testng.SuiteRunner.run(SuiteRunner.java:304)<br/>
                        org.testng.SuiteRunnerWorker.runSuite(SuiteRunnerWorker.java:53)<br/>
                        org.testng.SuiteRunnerWorker.run(SuiteRunnerWorker.java:96)<br/>
                        org.testng.TestNG.runSuitesSequentially(TestNG.java:1180)<br/>
                        org.testng.TestNG.runSuitesLocally(TestNG.java:1102)<br/>
                        org.testng.TestNG.runSuites(TestNG.java:1032)<br/>
                        org.testng.TestNG.run(TestNG.java:1000)<br/>
                        com.avin.run.TestRunner.main(TestRunner.java:36)<br/>
                </div>
        </td>
    </tr>
            <tr>
                <td class="group" colspan="3">com.avin.automation.DowngradeFromTo</td>
            </tr>
    <tr>
        <td class="method">
                testDowngradeFromTo
        </td>
        <td class="duration">
            8.038s
        </td>
        <td class="result">
            <!-- Display the dependencies for skipped test methods -->

                <i>Method arguments: </i>
                <span class="arguments">
                    "192.168.4.86/index.html", "admin", "Admin@86", "C12", "2.0.6", "2.1.5"
                </span>
                <br/>

            <!-- Show logger output for the test -->

                <a href="javascript:toggleElement('exception-1', 'block')"
                   title="Click to expand/collapse">
                    <b>java.lang.IllegalArgumentException: Cannot find elements when the XPath is null.</b>
                </a>
                <br/>
                <div class="stackTrace" id="exception-1">
                        org.openqa.selenium.internal.Require$ArgumentChecker.nonNull(Require.java:92)<br/>
                        org.openqa.selenium.By$ByXPath.&lt;init&gt;(By.java:287)<br/>
                        org.openqa.selenium.By.xpath(By.java:89)<br/>
                        com.avin.automation.DowngradeFromTo.testDowngradeFromTo(DowngradeFromTo.java:27)<br/>
                        sun.reflect.NativeMethodAccessorImpl.invoke0(Native Method)<br/>
                        sun.reflect.NativeMethodAccessorImpl.invoke(NativeMethodAccessorImpl.java:62)<br/>
                        sun.reflect.DelegatingMethodAccessorImpl.invoke(DelegatingMethodAccessorImpl.java:43)<br/>
                        java.lang.reflect.Method.invoke(Method.java:498)<br/>
                        org.testng.internal.MethodInvocationHelper.invokeMethod(MethodInvocationHelper.java:133)<br/>
                        org.testng.internal.TestInvoker.invokeMethod(TestInvoker.java:584)<br/>
                        org.testng.internal.TestInvoker.invokeTestMethod(TestInvoker.java:172)<br/>
                        org.testng.internal.MethodRunner.runInSequence(MethodRunner.java:46)<br/>
                        org.testng.internal.TestInvoker$MethodInvocationAgent.invoke(TestInvoker.java:804)<br/>
                        org.testng.internal.TestInvoker.invokeTestMethods(TestInvoker.java:145)<br/>
                        org.testng.internal.TestMethodWorker.invokeTestMethods(TestMethodWorker.java:146)<br/>
                        org.testng.internal.TestMethodWorker.run(TestMethodWorker.java:128)<br/>
                        java.util.ArrayList.forEach(ArrayList.java:1259)<br/>
                        org.testng.TestRunner.privateRun(TestRunner.java:770)<br/>
                        org.testng.TestRunner.run(TestRunner.java:591)<br/>
                        org.testng.SuiteRunner.runTest(SuiteRunner.java:402)<br/>
                        org.testng.SuiteRunner.runSequentially(SuiteRunner.java:396)<br/>
                        org.testng.SuiteRunner.privateRun(SuiteRunner.java:355)<br/>
                        org.testng.SuiteRunner.run(SuiteRunner.java:304)<br/>
                        org.testng.SuiteRunnerWorker.runSuite(SuiteRunnerWorker.java:53)<br/>
                        org.testng.SuiteRunnerWorker.run(SuiteRunnerWorker.java:96)<br/>
                        org.testng.TestNG.runSuitesSequentially(TestNG.java:1180)<br/>
                        org.testng.TestNG.runSuitesLocally(TestNG.java:1102)<br/>
                        org.testng.TestNG.runSuites(TestNG.java:1032)<br/>
                        org.testng.TestNG.run(TestNG.java:1000)<br/>
                        com.avin.run.TestRunner.main(TestRunner.java:36)<br/>
                </div>
        </td>
    </tr>
    </table>


    <table class="resultsTable" width="100%">
        <tr>
            <th colspan="3" class="header passed">Passed Tests</th>
        </tr>
            <tr>
                <td class="group" colspan="3">com.avin.automation.AddCredentials</td>
            </tr>
    <tr>
        <td class="method">
                testAddCredentials
        </td>
        <td class="duration">
            9.441s
        </td>
        <td class="result">
            <!-- Display the dependencies for skipped test methods -->

                <i>Method arguments: </i>
                <span class="arguments">
                    "192.168.4.86/index.html", "admin", "Admin@86", "C12", "2.0.6", "2.1.5"
                </span>
                <br/>

            <!-- Show logger output for the test -->
                <div class="testOutput">
                            Added new username<br/>
                            Added new password<br/>
                            Added new confirmpassword<br/>
                            Password is set<br/>
                            New Credentials are added<br/>
                </div>

        </td>
    </tr>
            <tr>
                <td class="group" colspan="3">com.avin.automation.ApplyReset</td>
            </tr>
    <tr>
        <td class="method">
                testApplyRest
        </td>
        <td class="duration">
            81.601s
        </td>
        <td class="result">
            <!-- Display the dependencies for skipped test methods -->

                <i>Method arguments: </i>
                <span class="arguments">
                    "192.168.4.86/index.html", "admin", "Admin@86", "C12", "2.0.6", "2.1.5"
                </span>
                <br/>

            <!-- Show logger output for the test -->
                <div class="testOutput">
                            Navigated to device tab<br/>
                            Navigated to Maintenance/Support tab<br/>
                            Camera reset is completed<br/>
                </div>

        </td>
    </tr>
            <tr>
                <td class="group" colspan="3">com.avin.automation.UpgradeToFrom</td>
            </tr>
    <tr>
        <td class="method">
                testUpgradeToFrom
        </td>
        <td class="duration">
            732.510s
        </td>
        <td class="result">
            <!-- Display the dependencies for skipped test methods -->

                <i>Method arguments: </i>
                <span class="arguments">
                    "192.168.4.86/index.html", "admin", "Admin@86", "C12", "2.0.6", "2.1.5"
                </span>
                <br/>

            <!-- Show logger output for the test -->
                <div class="testOutput">
                            Navigated to device tab<br/>
                            Camera name is changed<br/>
                            Emulation mode is enabled<br/>
                            date/time is changed<br/>
                            Changed Date and time - NTP<br/>
                            Navigated to video/audio tab<br/>
                            Navigated to ImageSettings tab<br/>
                            Selected 50Hz <br/>
                            HDR is off<br/>
                            Selected Motion<br/>
                            Selected Exposure Setting<br/>
                            Selected brightness- 50<br/>
                            Selected contrast- 9<br/>
                            Selected Sharpness- 10<br/>
                            Selected saturation- 8<br/>
                            Enable Wide Dynamic Range<br/>
                            WdrValue- 50<br/>
                            Camera mount position is set to Table<br/>
                            Rotate camera setting set to Invert<br/>
                            IR Cut Filter setting set to Night Mode<br/>
                            colour space setting set to BT709 FS<br/>
                            Save and Reboot is not required for this firmware<br/>
                            Navigated to video/audio tab<br/>
                            Selected Multimode<br/>
                            Editing MP1 Settings <br/>
                            Selected Video Compression - H265 <br/>
                            Selected Constant Bit Rate<br/>
                            Added 25000 Bit Rate<br/>
                            Selected Video Multicast<br/>
                            Editing MP2 Settings <br/>
                            Selected Pano mode<br/>
                            Selected 1920 x 768 resolution <br/>
                            Selected Gop to 100<br/>
                            Selected Always On<br/>
                            Editing MP3 Settings <br/>
                            Selected Corridor mode<br/>
                            Editing MP4 Settings <br/>
                            Selected VCam mode<br/>
                            Selected Video Compression -&nbsp; JPEG&nbsp; <br/>
                            Selected framesPerSecond - 8 <br/>
                            Selected quality - 60 <br/>
                            Selected Max Bit Rate to 1100<br/>
                            Navigated to video/audio tab<br/>
                            Added ScreeCaptionName<br/>
                            Added timeFormat<br/>
                            Added dateFormat<br/>
                            Added FontSize<br/>
                            Added Text Colour<br/>
                            Added new overlay<br/>
                            Navigated to Global StreamLite Compression Settings tab<br/>
                            selected ColourMap<br/>
                            selected tracked objects<br/>
                            RectPercentage set to 50 <br/>
                            RectPersistence set to 30 <br/>
                            CenterDistance set to 15 <br/>
                            ThresholdToMotion set to 15 <br/>
                            ThresholdToNoMotion set to 15 <br/>
                            Delay set to 15 <br/>
                            Navigated to Global Settings tab<br/>
                            sensitivity set to 15 <br/>
                            threshold set to 15 <br/>
                            latency set to 15 <br/>
                            persistance set to 1000 <br/>
                            height set to 15 <br/>
                            New user is added<br/>
                            Navigatied to Device tab<br/>
                            Firmware Upgrade is completed<br/>
                </div>

        </td>
    </tr>
    </table>

<script type="text/javascript" src="reportng.js"></script>
</body>
