<html>
<head>
<title>TestNG:  Command line test</title>
<link href="../testng.css" rel="stylesheet" type="text/css" />
<link href="../my-testng.css" rel="stylesheet" type="text/css" />

<style type="text/css">
.log { display: none;} 
.stack-trace { display: none;} 
</style>
<script type="text/javascript">
<!--
function flip(e) {
  current = e.style.display;
  if (current == 'block') {
    e.style.display = 'none';
    return 0;
  }
  else {
    e.style.display = 'block';
    return 1;
  }
}

function toggleBox(szDivId, elem, msg1, msg2)
{
  var res = -1;  if (document.getElementById) {
    res = flip(document.getElementById(szDivId));
  }
  else if (document.all) {
    // this is the way old msie versions work
    res = flip(document.all[szDivId]);
  }
  if(elem) {
    if(res == 0) elem.innerHTML = msg1; else elem.innerHTML = msg2;
  }

}

function toggleAllBoxes() {
  if (document.getElementsByTagName) {
    d = document.getElementsByTagName('div');
    for (i = 0; i < d.length; i++) {
      if (d[i].className == 'log') {
        flip(d[i]);
      }
    }
  }
}

// -->
</script>

</head>
<body>
<h2 align='center'>Command line test</h2><table border='1' align="center">
<tr>
<td>Tests passed/Failed/Skipped:</td><td>3/2/0</td>
</tr><tr>
<td>Started on:</td><td>Thu Apr 21 15:13:09 IST 2022</td>
</tr>
<tr><td>Total time:</td><td>831 seconds (831694 ms)</td>
</tr><tr>
<td>Included groups:</td><td></td>
</tr><tr>
<td>Excluded groups:</td><td></td>
</tr>
</table><p/>
<small><i>(Hover the method name to see the test class name)</i></small><p/>
<table width='100%' border='1' class='invocation-failed'>
<tr><td colspan='4' align='center'><b>FAILED TESTS</b></td></tr>
<tr><td><b>Test method</b></td>
<td width="30%"><b>Exception</b></td>
<td width="10%"><b>Time (seconds)</b></td>
<td><b>Instance</b></td>
</tr>
<tr>
<td title='com.avin.automation.CameraUpgrade.testCameraUpgrade()'><b>testCameraUpgrade</b><br>Test class: com.avin.automation.CameraUpgrade</td>
<td><div><pre>org.testng.internal.reflect.MethodMatcherException: 
[public static void com.avin.automation.CameraUpgrade.testCameraUpgrade(java.lang.String,java.lang.String,java.lang.String,java.lang.String,java.lang.String) throws java.lang.InterruptedException,java.io.IOException] has no parameters defined but was found to be using a data provider (either explicitly specified or inherited from class level annotation).
Data provider mismatch
Method: testCameraUpgrade([Parameter{index=0, type=java.lang.String, declaredAnnotations=[]}, Parameter{index=1, type=java.lang.String, declaredAnnotations=[]}, Parameter{index=2, type=java.lang.String, declaredAnnotations=[]}, Parameter{index=3, type=java.lang.String, declaredAnnotations=[]}, Parameter{index=4, type=java.lang.String, declaredAnnotations=[]}])
Arguments: [(java.lang.String) 192.168.4.86/index.html,(java.lang.String) admin,(java.lang.String) Admin@86,(java.lang.String) C12,(java.lang.String) 2.0.6,(java.lang.String) 2.1.5]
	at java.util.ArrayList.forEach(ArrayList.java:1259)
	at com.avin.run.TestRunner.main(TestRunner.java:36)
... Removed 19 stack frames</pre></div><a href='#' onClick='toggleBox("stack-trace1887813102", this, "Click to show all stack frames", "Click to hide stack frames")'>Click to show all stack frames</a>
<div class='stack-trace' id='stack-trace1887813102'><pre>org.testng.internal.reflect.MethodMatcherException: 
[public static void com.avin.automation.CameraUpgrade.testCameraUpgrade(java.lang.String,java.lang.String,java.lang.String,java.lang.String,java.lang.String) throws java.lang.InterruptedException,java.io.IOException] has no parameters defined but was found to be using a data provider (either explicitly specified or inherited from class level annotation).
Data provider mismatch
Method: testCameraUpgrade([Parameter{index=0, type=java.lang.String, declaredAnnotations=[]}, Parameter{index=1, type=java.lang.String, declaredAnnotations=[]}, Parameter{index=2, type=java.lang.String, declaredAnnotations=[]}, Parameter{index=3, type=java.lang.String, declaredAnnotations=[]}, Parameter{index=4, type=java.lang.String, declaredAnnotations=[]}])
Arguments: [(java.lang.String) 192.168.4.86/index.html,(java.lang.String) admin,(java.lang.String) Admin@86,(java.lang.String) C12,(java.lang.String) 2.0.6,(java.lang.String) 2.1.5]
	at org.testng.internal.reflect.DataProviderMethodMatcher.getConformingArguments(DataProviderMethodMatcher.java:43)
	at org.testng.internal.Parameters.injectParameters(Parameters.java:925)
	at org.testng.internal.MethodRunner.runInSequence(MethodRunner.java:34)
	at org.testng.internal.TestInvoker$MethodInvocationAgent.invoke(TestInvoker.java:804)
	at org.testng.internal.TestInvoker.invokeTestMethods(TestInvoker.java:145)
	at org.testng.internal.TestMethodWorker.invokeTestMethods(TestMethodWorker.java:146)
	at org.testng.internal.TestMethodWorker.run(TestMethodWorker.java:128)
	at java.util.ArrayList.forEach(ArrayList.java:1259)
	at org.testng.TestRunner.privateRun(TestRunner.java:770)
	at org.testng.TestRunner.run(TestRunner.java:591)
	at org.testng.SuiteRunner.runTest(SuiteRunner.java:402)
	at org.testng.SuiteRunner.runSequentially(SuiteRunner.java:396)
	at org.testng.SuiteRunner.privateRun(SuiteRunner.java:355)
	at org.testng.SuiteRunner.run(SuiteRunner.java:304)
	at org.testng.SuiteRunnerWorker.runSuite(SuiteRunnerWorker.java:53)
	at org.testng.SuiteRunnerWorker.run(SuiteRunnerWorker.java:96)
	at org.testng.TestNG.runSuitesSequentially(TestNG.java:1180)
	at org.testng.TestNG.runSuitesLocally(TestNG.java:1102)
	at org.testng.TestNG.runSuites(TestNG.java:1032)
	at org.testng.TestNG.run(TestNG.java:1000)
	at com.avin.run.TestRunner.main(TestRunner.java:36)
</pre></div></td>
<td>0</td>
<td>com.avin.automation.CameraUpgrade@2c9f9fb0</td></tr>
<tr>
<td title='com.avin.automation.DowngradeFromTo.testDowngradeFromTo()'><b>testDowngradeFromTo</b><br>Test class: com.avin.automation.DowngradeFromTo<br>Parameters: 192.168.4.86/index.html, admin, Admin@86, C12, 2.0.6, 2.1.5</td>
<td><div><pre>java.lang.IllegalArgumentException: Cannot find elements when the XPath is null.
	at org.openqa.selenium.internal.Require$ArgumentChecker.nonNull(Require.java:92)
	at org.openqa.selenium.By$ByXPath.&lt;init&gt;(By.java:287)
	at org.openqa.selenium.By.xpath(By.java:89)
	at com.avin.automation.DowngradeFromTo.testDowngradeFromTo(DowngradeFromTo.java:27)
	at java.util.ArrayList.forEach(ArrayList.java:1259)
	at com.avin.run.TestRunner.main(TestRunner.java:36)
... Removed 24 stack frames</pre></div><a href='#' onClick='toggleBox("stack-trace488422671", this, "Click to show all stack frames", "Click to hide stack frames")'>Click to show all stack frames</a>
<div class='stack-trace' id='stack-trace488422671'><pre>java.lang.IllegalArgumentException: Cannot find elements when the XPath is null.
	at org.openqa.selenium.internal.Require$ArgumentChecker.nonNull(Require.java:92)
	at org.openqa.selenium.By$ByXPath.&lt;init&gt;(By.java:287)
	at org.openqa.selenium.By.xpath(By.java:89)
	at com.avin.automation.DowngradeFromTo.testDowngradeFromTo(DowngradeFromTo.java:27)
	at sun.reflect.NativeMethodAccessorImpl.invoke0(Native Method)
	at sun.reflect.NativeMethodAccessorImpl.invoke(NativeMethodAccessorImpl.java:62)
	at sun.reflect.DelegatingMethodAccessorImpl.invoke(DelegatingMethodAccessorImpl.java:43)
	at java.lang.reflect.Method.invoke(Method.java:498)
	at org.testng.internal.MethodInvocationHelper.invokeMethod(MethodInvocationHelper.java:133)
	at org.testng.internal.TestInvoker.invokeMethod(TestInvoker.java:584)
	at org.testng.internal.TestInvoker.invokeTestMethod(TestInvoker.java:172)
	at org.testng.internal.MethodRunner.runInSequence(MethodRunner.java:46)
	at org.testng.internal.TestInvoker$MethodInvocationAgent.invoke(TestInvoker.java:804)
	at org.testng.internal.TestInvoker.invokeTestMethods(TestInvoker.java:145)
	at org.testng.internal.TestMethodWorker.invokeTestMethods(TestMethodWorker.java:146)
	at org.testng.internal.TestMethodWorker.run(TestMethodWorker.java:128)
	at java.util.ArrayList.forEach(ArrayList.java:1259)
	at org.testng.TestRunner.privateRun(TestRunner.java:770)
	at org.testng.TestRunner.run(TestRunner.java:591)
	at org.testng.SuiteRunner.runTest(SuiteRunner.java:402)
	at org.testng.SuiteRunner.runSequentially(SuiteRunner.java:396)
	at org.testng.SuiteRunner.privateRun(SuiteRunner.java:355)
	at org.testng.SuiteRunner.run(SuiteRunner.java:304)
	at org.testng.SuiteRunnerWorker.runSuite(SuiteRunnerWorker.java:53)
	at org.testng.SuiteRunnerWorker.run(SuiteRunnerWorker.java:96)
	at org.testng.TestNG.runSuitesSequentially(TestNG.java:1180)
	at org.testng.TestNG.runSuitesLocally(TestNG.java:1102)
	at org.testng.TestNG.runSuites(TestNG.java:1032)
	at org.testng.TestNG.run(TestNG.java:1000)
	at com.avin.run.TestRunner.main(TestRunner.java:36)
</pre></div></td>
<td>8</td>
<td>com.avin.automation.DowngradeFromTo@737996a0</td></tr>
</table><p>
<table width='100%' border='1' class='invocation-passed'>
<tr><td colspan='4' align='center'><b>PASSED TESTS</b></td></tr>
<tr><td><b>Test method</b></td>
<td width="30%"><b>Exception</b></td>
<td width="10%"><b>Time (seconds)</b></td>
<td><b>Instance</b></td>
</tr>
<tr>
<td title='com.avin.automation.AddCredentials.testAddCredentials()'><b>testAddCredentials</b><br>Test class: com.avin.automation.AddCredentials<br>Parameters: 192.168.4.86/index.html, admin, Admin@86, C12, 2.0.6, 2.1.5<br/>
<a href="#Output-2145896000" onClick='toggleBox("Output-2145896000", this, "Show output", "Hide output");'>Show output</a>

<a href="#Output-2145896000" onClick="toggleAllBoxes();">Show all outputs</a>
<div class='log' id="Output-2145896000">
Added new username<br/>
Added new password<br/>
Added new confirmpassword<br/>
Password is set<br/>
New Credentials are added<br/>
</div>
</td>
<td></td>
<td>9</td>
<td>com.avin.automation.AddCredentials@9f70c54</td></tr>
<tr>
<td title='com.avin.automation.ApplyReset.testApplyRest()'><b>testApplyRest</b><br>Test class: com.avin.automation.ApplyReset<br>Parameters: 192.168.4.86/index.html, admin, Admin@86, C12, 2.0.6, 2.1.5<br/>
<a href="#Output-23880693" onClick='toggleBox("Output-23880693", this, "Show output", "Hide output");'>Show output</a>

<a href="#Output-23880693" onClick="toggleAllBoxes();">Show all outputs</a>
<div class='log' id="Output-23880693">
Navigated to device tab<br/>
Navigated to Maintenance/Support tab<br/>
Camera reset is completed<br/>
</div>
</td>
<td></td>
<td>81</td>
<td>com.avin.automation.ApplyReset@2096442d</td></tr>
<tr>
<td title='com.avin.automation.UpgradeToFrom.testUpgradeToFrom()'><b>testUpgradeToFrom</b><br>Test class: com.avin.automation.UpgradeToFrom<br>Parameters: 192.168.4.86/index.html, admin, Admin@86, C12, 2.0.6, 2.1.5<br/>
<a href="#Output-616412281" onClick='toggleBox("Output-616412281", this, "Show output", "Hide output");'>Show output</a>

<a href="#Output-616412281" onClick="toggleAllBoxes();">Show all outputs</a>
<div class='log' id="Output-616412281">
Navigated to device tab<br/>
Camera name is changed<br/>
Emulation mode is enabled<br/>
date/time is changed<br/>
Changed Date and time - NTP<br/>
Navigated to video/audio tab<br/>
Navigated to ImageSettings tab<br/>
Selected 50Hz <br/>
HDR is off<br/>
Selected Motion<br/>
Selected Exposure Setting<br/>
Selected brightness- 50<br/>
Selected contrast- 9<br/>
Selected Sharpness- 10<br/>
Selected saturation- 8<br/>
Enable Wide Dynamic Range<br/>
WdrValue- 50<br/>
Camera mount position is set to Table<br/>
Rotate camera setting set to Invert<br/>
IR Cut Filter setting set to Night Mode<br/>
colour space setting set to BT709 FS<br/>
Save and Reboot is not required for this firmware<br/>
Navigated to video/audio tab<br/>
Selected Multimode<br/>
Editing MP1 Settings <br/>
Selected Video Compression - H265 <br/>
Selected Constant Bit Rate<br/>
Added 25000 Bit Rate<br/>
Selected Video Multicast<br/>
Editing MP2 Settings <br/>
Selected Pano mode<br/>
Selected 1920 x 768 resolution <br/>
Selected Gop to 100<br/>
Selected Always On<br/>
Editing MP3 Settings <br/>
Selected Corridor mode<br/>
Editing MP4 Settings <br/>
Selected VCam mode<br/>
Selected Video Compression -  JPEG  <br/>
Selected framesPerSecond - 8 <br/>
Selected quality - 60 <br/>
Selected Max Bit Rate to 1100<br/>
Navigated to video/audio tab<br/>
Added ScreeCaptionName<br/>
Added timeFormat<br/>
Added dateFormat<br/>
Added FontSize<br/>
Added Text Colour<br/>
Added new overlay<br/>
Navigated to Global StreamLite Compression Settings tab<br/>
selected ColourMap<br/>
selected tracked objects<br/>
RectPercentage set to 50 <br/>
RectPersistence set to 30 <br/>
CenterDistance set to 15 <br/>
ThresholdToMotion set to 15 <br/>
ThresholdToNoMotion set to 15 <br/>
Delay set to 15 <br/>
Navigated to Global Settings tab<br/>
sensitivity set to 15 <br/>
threshold set to 15 <br/>
latency set to 15 <br/>
persistance set to 1000 <br/>
height set to 15 <br/>
New user is added<br/>
Navigatied to Device tab<br/>
Firmware Upgrade is completed<br/>
</div>
</td>
<td></td>
<td>732</td>
<td>com.avin.automation.UpgradeToFrom@234bef66</td></tr>
</table><p>
</body>
</html>