<?xml version="1.0" encoding="UTF-8"?>
<!-- Generated by org.testng.reporters.JUnitXMLReporter -->
<testsuite hostname="L-0301" ignored="0" name="Command line test" tests="5" failures="2" timestamp="2022-04-21T15:27:01 IST" time="831.694" errors="0">
  <testcase name="testCameraUpgrade" time="0.041" classname="com.avin.automation.CameraUpgrade">
    <failure type="org.testng.internal.reflect.MethodMatcherException" message="
[public static void com.avin.automation.CameraUpgrade.testCameraUpgrade(java.lang.String,java.lang.String,java.lang.String,java.lang.String,java.lang.String) throws java.lang.InterruptedException,java.io.IOException] has no parameters defined but was found to be using a data provider (either explicitly specified or inherited from class level annotation).
Data provider mismatch
Method: testCameraUpgrade([Parameter{index=0, type=java.lang.String, declaredAnnotations=[]}, Parameter{index=1, type=java.lang.String, declaredAnnotations=[]}, Parameter{index=2, type=java.lang.String, declaredAnnotations=[]}, Parameter{index=3, type=java.lang.String, declaredAnnotations=[]}, Parameter{index=4, type=java.lang.String, declaredAnnotations=[]}])
Arguments: [(java.lang.String) 192.168.4.86/index.html,(java.lang.String) admin,(java.lang.String) Admin@86,(java.lang.String) C12,(java.lang.String) 2.0.6,(java.lang.String) 2.1.5]">
      <![CDATA[org.testng.internal.reflect.MethodMatcherException: 
[public static void com.avin.automation.CameraUpgrade.testCameraUpgrade(java.lang.String,java.lang.String,java.lang.String,java.lang.String,java.lang.String) throws java.lang.InterruptedException,java.io.IOException] has no parameters defined but was found to be using a data provider (either explicitly specified or inherited from class level annotation).
Data provider mismatch
Method: testCameraUpgrade([Parameter{index=0, type=java.lang.String, declaredAnnotations=[]}, Parameter{index=1, type=java.lang.String, declaredAnnotations=[]}, Parameter{index=2, type=java.lang.String, declaredAnnotations=[]}, Parameter{index=3, type=java.lang.String, declaredAnnotations=[]}, Parameter{index=4, type=java.lang.String, declaredAnnotations=[]}])
Arguments: [(java.lang.String) 192.168.4.86/index.html,(java.lang.String) admin,(java.lang.String) Admin@86,(java.lang.String) C12,(java.lang.String) 2.0.6,(java.lang.String) 2.1.5]
at java.util.ArrayList.forEach(ArrayList.java:1259)
at com.avin.run.TestRunner.main(TestRunner.java:36)
... Removed 19 stack frames]]>
    </failure>
  </testcase> <!-- testCameraUpgrade -->
  <testcase name="testApplyRest" time="81.601" classname="com.avin.automation.ApplyReset"/>
  <testcase name="testAddCredentials" time="9.441" classname="com.avin.automation.AddCredentials"/>
  <testcase name="testUpgradeToFrom" time="732.51" classname="com.avin.automation.UpgradeToFrom"/>
  <testcase name="testDowngradeFromTo" time="8.038" classname="com.avin.automation.DowngradeFromTo">
    <failure type="java.lang.IllegalArgumentException" message="Cannot find elements when the XPath is null.">
      <![CDATA[java.lang.IllegalArgumentException: Cannot find elements when the XPath is null.
at org.openqa.selenium.internal.Require$ArgumentChecker.nonNull(Require.java:92)
at org.openqa.selenium.By$ByXPath.<init>(By.java:287)
at org.openqa.selenium.By.xpath(By.java:89)
at com.avin.automation.DowngradeFromTo.testDowngradeFromTo(DowngradeFromTo.java:27)
at java.util.ArrayList.forEach(ArrayList.java:1259)
at com.avin.run.TestRunner.main(TestRunner.java:36)
... Removed 24 stack frames]]>
    </failure>
  </testcase> <!-- testDowngradeFromTo -->
</testsuite> <!-- Command line test -->
