<?xml version="1.0" encoding="UTF-8"?>
<testsuite name="Command line test"
           tests="1"
           failures="1"
           errors="0"
           skipped="0"
           time="0.041">
    <properties></properties>

            <testcase
                name="testCameraUpgrade"
                time="0.041"
                classname="com.avin.automation.CameraUpgrade">

            <failure type="org.testng.internal.reflect.MethodMatcherException" message="
[public static void com.avin.automation.CameraUpgrade.testCameraUpgrade(java.lang.String,java.lang.String,java.lang.String,java.lang.String,java.lang.String) throws java.lang.InterruptedException,java.io.IOException] has no parameters defined but was found to be using a data provider (either explicitly specified or inherited from class level annotation).
Data provider mismatch
Method: testCameraUpgrade([Parameter{index=0, type=java.lang.String, declaredAnnotations=[]}, Parameter{index=1, type=java.lang.String, declaredAnnotations=[]}, Parameter{index=2, type=java.lang.String, declaredAnnotations=[]}, Parameter{index=3, type=java.lang.String, declaredAnnotations=[]}, Parameter{index=4, type=java.lang.String, declaredAnnotations=[]}])
Arguments: [(java.lang.String) 192.168.4.86/index.html,(java.lang.String) admin,(java.lang.String) Admin@86,(java.lang.String) C12,(java.lang.String) 2.0.6,(java.lang.String) 2.1.5]">
                <![CDATA[org.testng.internal.reflect.MethodMatcherException: 
[public static void com.avin.automation.CameraUpgrade.testCameraUpgrade(java.lang.String,java.lang.String,java.lang.String,java.lang.String,java.lang.String) throws java.lang.InterruptedException,java.io.IOException] has no parameters defined but was found to be using a data provider (either explicitly specified or inherited from class level annotation).
Data provider mismatch
Method: testCameraUpgrade([Parameter{index=0, type=java.lang.String, declaredAnnotations=[]}, Parameter{index=1, type=java.lang.String, declaredAnnotations=[]}, Parameter{index=2, type=java.lang.String, declaredAnnotations=[]}, Parameter{index=3, type=java.lang.String, declaredAnnotations=[]}, Parameter{index=4, type=java.lang.String, declaredAnnotations=[]}])
Arguments: [(java.lang.String) 192.168.4.86/index.html,(java.lang.String) admin,(java.lang.String) Admin@86,(java.lang.String) C12,(java.lang.String) 2.0.6,(java.lang.String) 2.1.5]
                org.testng.internal.reflect.DataProviderMethodMatcher.getConformingArguments(DataProviderMethodMatcher.java:43)org.testng.internal.Parameters.injectParameters(Parameters.java:925)org.testng.internal.MethodRunner.runInSequence(MethodRunner.java:34)org.testng.internal.TestInvoker$MethodInvocationAgent.invoke(TestInvoker.java:804)org.testng.internal.TestInvoker.invokeTestMethods(TestInvoker.java:145)org.testng.internal.TestMethodWorker.invokeTestMethods(TestMethodWorker.java:146)org.testng.internal.TestMethodWorker.run(TestMethodWorker.java:128)java.util.ArrayList.forEach(ArrayList.java:1259)org.testng.TestRunner.privateRun(TestRunner.java:770)org.testng.TestRunner.run(TestRunner.java:591)org.testng.SuiteRunner.runTest(SuiteRunner.java:402)org.testng.SuiteRunner.runSequentially(SuiteRunner.java:396)org.testng.SuiteRunner.privateRun(SuiteRunner.java:355)org.testng.SuiteRunner.run(SuiteRunner.java:304)org.testng.SuiteRunnerWorker.runSuite(SuiteRunnerWorker.java:53)org.testng.SuiteRunnerWorker.run(SuiteRunnerWorker.java:96)org.testng.TestNG.runSuitesSequentially(TestNG.java:1180)org.testng.TestNG.runSuitesLocally(TestNG.java:1102)org.testng.TestNG.runSuites(TestNG.java:1032)org.testng.TestNG.run(TestNG.java:1000)com.avin.run.TestRunner.main(TestRunner.java:36)
]]>
            </failure>
    </testcase>


</testsuite>
