<?xml version="1.0" encoding="UTF-8"?>
<testsuite name="Command line test"
           tests="1"
           failures="1"
           errors="0"
           skipped="0"
           time="9.536">
    <properties></properties>

            <testcase
                name="testDowngradeFromTo"
                time="9.536"
                classname="com.avin.automation.DowngradeFromTo">

            <failure type="java.lang.IllegalArgumentException" message="Cannot find elements when the XPath is null.">
                <![CDATA[java.lang.IllegalArgumentException: Cannot find elements when the XPath is null.
                org.openqa.selenium.internal.Require$ArgumentChecker.nonNull(Require.java:92)org.openqa.selenium.By$ByXPath.<init>(By.java:287)org.openqa.selenium.By.xpath(By.java:89)com.avin.automation.DowngradeFromTo.testDowngradeFromTo(DowngradeFromTo.java:27)sun.reflect.NativeMethodAccessorImpl.invoke0(Native Method)sun.reflect.NativeMethodAccessorImpl.invoke(NativeMethodAccessorImpl.java:62)sun.reflect.DelegatingMethodAccessorImpl.invoke(DelegatingMethodAccessorImpl.java:43)java.lang.reflect.Method.invoke(Method.java:498)org.testng.internal.MethodInvocationHelper.invokeMethod(MethodInvocationHelper.java:133)org.testng.internal.TestInvoker.invokeMethod(TestInvoker.java:584)org.testng.internal.TestInvoker.invokeTestMethod(TestInvoker.java:172)org.testng.internal.MethodRunner.runInSequence(MethodRunner.java:46)org.testng.internal.TestInvoker$MethodInvocationAgent.invoke(TestInvoker.java:804)org.testng.internal.TestInvoker.invokeTestMethods(TestInvoker.java:145)org.testng.internal.TestMethodWorker.invokeTestMethods(TestMethodWorker.java:146)org.testng.internal.TestMethodWorker.run(TestMethodWorker.java:128)java.util.ArrayList.forEach(ArrayList.java:1259)org.testng.TestRunner.privateRun(TestRunner.java:770)org.testng.TestRunner.run(TestRunner.java:591)org.testng.SuiteRunner.runTest(SuiteRunner.java:402)org.testng.SuiteRunner.runSequentially(SuiteRunner.java:396)org.testng.SuiteRunner.privateRun(SuiteRunner.java:355)org.testng.SuiteRunner.run(SuiteRunner.java:304)org.testng.SuiteRunnerWorker.runSuite(SuiteRunnerWorker.java:53)org.testng.SuiteRunnerWorker.run(SuiteRunnerWorker.java:96)org.testng.TestNG.runSuitesSequentially(TestNG.java:1180)org.testng.TestNG.runSuitesLocally(TestNG.java:1102)org.testng.TestNG.runSuites(TestNG.java:1032)org.testng.TestNG.run(TestNG.java:1000)com.avin.run.TestRunner.main(TestRunner.java:42)
]]>
            </failure>
    </testcase>


</testsuite>
