-------------------------------------------------------------------------------
Test set: TestSuite
-------------------------------------------------------------------------------
Tests run: 1, Failures: 1, Errors: 0, Skipped: 0, Time elapsed: 20.185 sec <<< FAILURE! - in TestSuite
testUpgradeToFrom(UpgradeToFrom)  Time elapsed: 18.706 sec  <<< FAILURE!
org.openqa.selenium.NoSuchElementException: 
Unable to find element with locator By.xpath: //div[text()=' NTP ']
For documentation on this error, please visit: https://selenium.dev/exceptions/#no_such_element
Build info: version: '4.0.0', revision: '3a21814679'
System info: host: 'L-0301', ip: '192.168.4.67', os.name: 'Windows 10', os.arch: 'amd64', os.version: '10.0', java.version: '1.8.0_74'
Driver info: driver.version: RemoteWebDriver
	at UpgradeToFrom.testUpgradeToFrom(UpgradeToFrom.java:59)

