<?xml version="1.0" encoding="UTF-8"?>
<!-- Generated by org.testng.reporters.JUnitXMLReporter -->
<testsuite hostname="L-0301" ignored="0" name="Test2" tests="5" failures="5" timestamp="2022-04-20T14:49:19 IST" time="0.0" errors="0">
  <testcase name="testApplyRest" time="0.0" classname="com.avin.automation.ApplyReset">
    <failure type="org.testng.TestNGException" message="
Parameter &amp;apos;firmwareVersion&amp;apos; is required by @Test on method testApplyRest but has not been marked @Optional or defined
in C:\Users\naveena.us\Desktop\parameter\test\testng.xml">
      <![CDATA[org.testng.TestNGException: 
Parameter 'firmwareVersion' is required by @Test on method testApplyRest but has not been marked @Optional or defined
in C:\Users\naveena.us\Desktop\parameter\test\testng.xml
at java.util.ArrayList.forEach(ArrayList.java:1259)
at upgrade.TestRunner.main(TestRunner.java:35)
... Removed 23 stack frames]]>
    </failure>
  </testcase> <!-- testApplyRest -->
  <testcase name="testAddCredentials" time="0.0" classname="com.avin.automation.AddCredentials">
    <failure type="org.testng.TestNGException" message="
Parameter &amp;apos;firmwareVersion&amp;apos; is required by @Test on method testAddCredentials but has not been marked @Optional or defined
in C:\Users\naveena.us\Desktop\parameter\test\testng.xml">
      <![CDATA[org.testng.TestNGException: 
Parameter 'firmwareVersion' is required by @Test on method testAddCredentials but has not been marked @Optional or defined
in C:\Users\naveena.us\Desktop\parameter\test\testng.xml
at java.util.ArrayList.forEach(ArrayList.java:1259)
at upgrade.TestRunner.main(TestRunner.java:35)
... Removed 23 stack frames]]>
    </failure>
  </testcase> <!-- testAddCredentials -->
  <testcase name="testUpgradeToFrom" time="0.0" classname="com.avin.automation.UpgradeToFrom">
    <failure type="org.testng.TestNGException" message="
Parameter &amp;apos;firmwareVersion&amp;apos; is required by @Test on method testUpgradeToFrom but has not been marked @Optional or defined
in C:\Users\naveena.us\Desktop\parameter\test\testng.xml">
      <![CDATA[org.testng.TestNGException: 
Parameter 'firmwareVersion' is required by @Test on method testUpgradeToFrom but has not been marked @Optional or defined
in C:\Users\naveena.us\Desktop\parameter\test\testng.xml
at java.util.ArrayList.forEach(ArrayList.java:1259)
at upgrade.TestRunner.main(TestRunner.java:35)
... Removed 23 stack frames]]>
    </failure>
  </testcase> <!-- testUpgradeToFrom -->
  <testcase name="testDowngradeFromTo" time="0.0" classname="com.avin.automation.DowngradeFromTo">
    <failure type="org.testng.TestNGException" message="
Parameter &amp;apos;firmwareVersion&amp;apos; is required by @Test on method testDowngradeFromTo but has not been marked @Optional or defined
in C:\Users\naveena.us\Desktop\parameter\test\testng.xml">
      <![CDATA[org.testng.TestNGException: 
Parameter 'firmwareVersion' is required by @Test on method testDowngradeFromTo but has not been marked @Optional or defined
in C:\Users\naveena.us\Desktop\parameter\test\testng.xml
at java.util.ArrayList.forEach(ArrayList.java:1259)
at upgrade.TestRunner.main(TestRunner.java:35)
... Removed 23 stack frames]]>
    </failure>
  </testcase> <!-- testDowngradeFromTo -->
  <testcase name="testCameraUpgrade" time="0.0" classname="com.avin.automation.CameraUpgrade">
    <failure type="org.testng.TestNGException" message="
Parameter &amp;apos;firmwareVersion&amp;apos; is required by @Test on method testCameraUpgrade but has not been marked @Optional or defined
in C:\Users\naveena.us\Desktop\parameter\test\testng.xml">
      <![CDATA[org.testng.TestNGException: 
Parameter 'firmwareVersion' is required by @Test on method testCameraUpgrade but has not been marked @Optional or defined
in C:\Users\naveena.us\Desktop\parameter\test\testng.xml
at java.util.ArrayList.forEach(ArrayList.java:1259)
at upgrade.TestRunner.main(TestRunner.java:35)
... Removed 23 stack frames]]>
    </failure>
  </testcase> <!-- testCameraUpgrade -->
</testsuite> <!-- Test2 -->
